{
  "RSpec": {
    "coverage": {
      "/home/webonise/Projects/AdminApp/Admin-Dashboard/app/controllers/application_controller.rb": [
        1,
        1,
        null,
        null,
        null,
        null,
        null,
        null,
        null,
        null,
        null,
        null,
        null,
        null,
        null,
        null,
        null,
        null,
        null,
        null,
        null,
        null,
        null,
        null,
        1,
        0,
        0,
        0,
        null,
        null,
        1,
        0,
        null,
        null,
        1,
        0,
        null,
        null,
        null
      ],
      "/home/webonise/Projects/AdminApp/Admin-Dashboard/app/helpers/application_helper.rb": [
        1,
        null,
        null,
        1,
        0,
        null,
        null,
        null,
        null,
        1,
        0,
        null,
        null,
        null,
        1,
        0,
        null,
        null
      ],
      "/home/webonise/Projects/AdminApp/Admin-Dashboard/app/helpers/home_helper.rb": [
        1,
        null
      ],
      "/home/webonise/Projects/AdminApp/Admin-Dashboard/app/helpers/posts_helper.rb": [
        1,
        null
      ],
      "/home/webonise/Projects/AdminApp/Admin-Dashboard/app/admin/user.rb": [
        1,
        1,
        null,
        null,
        null,
        null,
        null,
        null,
        null,
        null,
        null,
        null,
        null,
        1,
        0,
        0,
        0,
        0,
        null,
        0,
        0,
        null,
        0,
        null,
        null,
        1,
        1,
        null,
        null
      ],
      "/home/webonise/Projects/AdminApp/Admin-Dashboard/app/models/user.rb": [
        1,
        null,
        null,
        null,
        null,
        null,
        1,
        1,
        1,
        null,
        1,
        1,
        1,
        null,
        null,
        null,
        1,
        null,
        null,
        null,
        1,
        0,
        0,
        0,
        null,
        0,
        null,
        0,
        null,
        null,
        null,
        null,
        1,
        13,
        null,
        null,
        1,
        null,
        1,
        24,
        0,
        null,
        null,
        null,
        null,
        null,
        1,
        24,
        null,
        null,
        null,
        null
      ],
      "/home/webonise/Projects/AdminApp/Admin-Dashboard/app/admin/dashboard.rb": [
        1,
        null,
        1,
        null,
        1,
        null,
        null,
        null,
        null,
        null,
        null,
        null,
        null,
        null,
        0,
        0,
        0,
        0,
        0,
        0,
        null,
        null,
        null,
        null,
        null,
        0,
        0,
        0,
        null,
        null,
        null,
        null,
        null
      ],
      "/home/webonise/Projects/AdminApp/Admin-Dashboard/app/admin/post.rb": [
        1,
        null,
        1,
        0,
        0,
        0,
        0,
        null,
        0,
        null,
        null,
        1,
        0,
        0,
        0,
        0,
        null,
        0,
        null,
        null,
        1,
        1,
        null,
        null
      ],
      "/home/webonise/Projects/AdminApp/Admin-Dashboard/app/models/post.rb": [
        1,
        1,
        null,
        1,
        null,
        1,
        null
      ],
      "/home/webonise/Projects/AdminApp/Admin-Dashboard/app/controllers/home_controller.rb": [
        1,
        1,
        null,
        null
      ],
      "/home/webonise/Projects/AdminApp/Admin-Dashboard/app/controllers/posts_controller.rb": [
        1,
        1,
        null,
        null,
        1,
        1,
        null,
        1,
        1,
        1,
        null,
        null,
        null,
        null,
        null,
        1,
        1,
        null,
        1,
        1,
        1,
        null,
        null,
        null,
        null,
        null,
        1,
        1,
        null,
        1,
        1,
        1,
        null,
        null,
        null,
        null,
        1,
        2,
        null,
        null,
        null,
        null,
        1,
        4,
        null,
        4,
        4,
        4,
        2,
        null,
        4,
        2,
        null,
        null,
        null,
        null,
        null,
        null,
        1,
        4,
        null,
        4,
        4,
        4,
        2,
        null,
        4,
        2,
        null,
        null,
        null,
        null,
        null,
        null,
        1,
        2,
        2,
        null,
        2,
        4,
        2,
        null,
        null,
        null
      ],
      "/home/webonise/Projects/AdminApp/Admin-Dashboard/app/controllers/profiles_controller.rb": [
        1,
        1,
        null,
        1,
        2,
        2,
        1,
        null,
        1,
        1,
        null,
        null,
        null,
        null,
        null
      ],
      "/home/webonise/Projects/AdminApp/Admin-Dashboard/app/models/ability.rb": [
        1,
        1,
        null,
        1,
        5,
        5,
        1,
        4,
        2,
        1,
        null,
        2,
        2,
        null,
        0,
        null,
        null,
        null,
        null,
        null,
        null,
        null,
        null,
        null,
        null,
        null,
        null,
        null,
        null,
        null,
        null,
        null,
        null,
        null,
        null,
        null,
        null,
        null,
        null,
        null
      ],
      "/home/webonise/Projects/AdminApp/Admin-Dashboard/app/models/admin_ability.rb": [
        1,
        1,
        1,
        0,
        0,
        null,
        null,
        null
      ],
      "/home/webonise/Projects/AdminApp/Admin-Dashboard/app/models/role.rb": [
        1,
        1,
        null
      ]
    },
    "timestamp": 1357296312
  }
}
